2015/09/08 16:51:33.308 ::: Info -- =========================================================
2015/09/08 16:51:33.542 ::: Debug -- USB Device #0 is attached.

2015/09/08 16:51:34.150 ::: Debug -- Q-Berry CNT Hz
QBW v1.0.0
(C)2015 David Quesenberry - http:/
2015/09/08 16:51:34.173 ::: Debug --          0         0         0         0         0         0 -->    0     1,000,000  

2015/09/08 16:51:34.274 ::: Debug -- /www.QBytesWorld.com
USB Device Initialised.
2015/09/08 16:51:35.332 ::: Debug --          0         0         0         0         0         0 -->    0     1,000,000  

2015/09/08 16:51:36.339 ::: Debug --          0         0         0         0         0         0 -->    0     1,000,000  

2015/09/08 16:51:37.359 ::: Debug --          0         0         0         0         0         0 -->    0     1,000,000  

2015/09/08 16:51:38.361 ::: Debug --          0         0         0         0         0         0 -->    0     1,000,000  

2015/09/08 16:51:39.375 ::: Debug --          0         0         0         0         0         0 -->    0     1,000,000  

2015/09/08 16:51:40.403 ::: Debug --          0         0         0         0         0         0 -->    0     1,000,000  

2015/09/08 16:51:41.416 ::: Debug --          0         0         0         0         0         0 -->    0     1,000,000  

2015/09/08 16:51:42.417 ::: Debug --          0         0         0         0         0         0 -->    0     1,000,000  

2015/09/08 16:51:43.435 ::: Debug --          0         0         0         0         0         0 -->    0     1,000,000  

2015/09/08 16:51:44.450 ::: Debug --          0         0         0         0         0         0 -->    0     1,000,000  

2015/09/08 16:51:45.265 ::: Debug --          0         0         0         0         0         0 -->    0     1,000,000  

2015/09/08 16:51:46.281 ::: Debug --          0         0         0         0         0         0 -->    0     1,000,000  

2015/09/08 16:51:47.283 ::: Debug --          0         0         0         0         0         0 -->    0     1,000,000  

2015/09/08 16:51:48.300 ::: Debug --          0         0         0         0         0         0 -->    0     1,000,000  

2015/09/08 16:51:49.317 ::: Debug --          0         0         0         0         0         0 -->    0     1,000,000  

2015/09/08 16:51:50.328 ::: Debug --          0         0         0         0         0         0 -->    0     1,000,000  

2015/09/08 16:51:51.339 ::: Debug --          0         0         0         0         0         0 -->    0     1,000,000  

2015/09/08 16:51:52.367 ::: Debug --          0         0         0         0         0         0 -->    0     1,000,000  

2015/09/08 16:51:53.366 ::: Debug --          0         0         0         0         0         0 -->    0     1,000,000  

2015/09/08 16:51:54.394 ::: Debug --          0         0         0         0         0         0 -->    0     1,000,000  

2015/09/08 16:51:55.395 ::: Debug --          0         0         0         0         0         0 -->    0     1,000,000  

2015/09/08 16:51:56.413 ::: Debug --          0         0         0         0         0         0 -->    0     1,000,000  

2015/09/08 16:51:57.437 ::: Debug --          0         0         0         0         0         0 -->    0     1,000,000  

2015/09/08 16:51:58.453 ::: Debug --          0         0         0         0         0         0 -->    0     1,000,000  

2015/09/08 16:51:59.452 ::: Debug --          0         0         0         0         0         0 -->    0     1,000,000  

2015/09/08 16:52:00.481 ::: Debug --          0         0         0         0         0         0 -->    0     1,000,000  

2015/09/08 16:52:01.495 ::: Debug --          0         0         0         0         0         0 -->    0     1,000,000  

2015/09/08 16:52:02.498 ::: Debug --          0         0         0         0         0         0 -->    0     1,000,000  

2015/09/08 16:52:03.512 ::: Debug --          0         0         0         0         0         0 -->    0     1,000,000  

2015/09/08 16:52:04.533 ::: Debug --          0         0         0         0         0         0 -->    0     1,000,000  

2015/09/08 16:52:05.535 ::: Debug --          0         0         0         0         0         0 -->    0     1,000,000  

2015/09/08 16:52:06.562 ::: Debug --          0         0         0         0         0         0 -->    0     1,000,000  

2015/09/08 16:52:07.566 ::: Debug --          0         0         0         0         0         0 -->    0     1,000,000  

2015/09/08 16:52:08.582 ::: Debug --          0         0         0         0         0         0 -->    0     1,000,000  

2015/09/08 16:52:09.604 ::: Debug --          0         0         0         0         0         0 -->    0     1,000,000  

2015/09/08 16:52:10.611 ::: Debug --          0         0         0         0         0         0 -->    0     1,000,000  

2015/09/08 16:52:11.619 ::: Debug --          0         0         0         0         0         0 -->    0     1,000,000  

2015/09/08 16:52:12.636 ::: Debug --          0         0         0         0         0         0 -->    0     1,000,000  

2015/09/08 16:52:13.651 ::: Debug --          0         0         0         0         0         0 -->    0     1,000,000  

2015/09/08 16:52:14.665 ::: Debug --          0         0         0         0         0         0 -->    0     1,000,000  

2015/09/08 16:52:15.681 ::: Debug --          0         0         0         0         0         0 -->    0     1,000,000  

2015/09/08 16:52:16.704 ::: Debug --          0         0         0         0         0         0 -->    0     1,000,000  

2015/09/08 16:52:17.707 ::: Debug --          0         0         0         0         0         0 -->    0     1,000,000  

2015/09/08 16:52:18.733 ::: Debug --          0         0         0         0         0         0 -->    0     1,000,000  

2015/09/08 16:52:19.733 ::: Debug --          0         0         0         0         0         0 -->    0     1,000,000  

2015/09/08 16:52:20.748 ::: Debug --          0         0         0         0         0         0 -->    0     1,000,000  

2015/09/08 16:52:21.767 ::: Debug --          0         0         0         0         0         0 -->    0     1,000,000  

2015/09/08 16:52:22.786 ::: Debug --          0         0         0         0         0         0 -->    0     1,000,000  

2015/09/08 16:52:23.786 ::: Debug --          0         0         0         0         0         0 -->    0     1,000,000  

2015/09/08 16:52:24.809 ::: Debug --          0         0         0         0         0         0 -->    0     1,000,000  

2015/09/08 16:52:25.826 ::: Debug --          0         0         0         0         0         0 -->    0     1,000,000  

2015/09/08 16:52:26.640 ::: Debug --          0         0         0         0         0         0 -->    0     1,000,000  

2015/09/08 16:52:27.844 ::: Debug --          0         0         0         0         0         0 -->    0     1,000,000  

2015/09/08 16:52:28.871 ::: Debug --          0         0         0         0         0         0 -->    0     1,000,000  

2015/09/08 16:52:29.675 ::: Debug --          0         0         0         0         0         0 -->    0     1,000,000  

2015/09/08 16:52:30.692 ::: Debug --          0         0         0         0         0         0 -->    0     1,000,000  

2015/09/08 16:52:31.699 ::: Debug --          0         0         0         0         0         0 -->    0     1,000,000  

2015/09/08 16:52:32.710 ::: Debug --          0         0         0         0         0         0 -->    0     1,000,000  

2015/09/08 16:52:33.737 ::: Debug --          0         0         0         0         0         0 -->    0     1,000,000  

2015/09/08 16:52:34.741 ::: Debug --          0         0         0         0         0         0 -->    0     1,000,000  

2015/09/08 16:52:35.769 ::: Debug --          0         0         0         0         0         0 -->    0     1,000,000  

2015/09/08 16:52:36.773 ::: Debug --          0         0         0         0         0         0 -->    0     1,000,000  

2015/09/08 16:52:37.780 ::: Debug --          0         0         0         0         0         0 -->    0     1,000,000  

2015/09/08 16:52:38.800 ::: Debug --          0         0         0         0         0         0 -->    0     1,000,000  

2015/09/08 16:52:39.820 ::: Debug --          0         0         0         0         0         0 -->    0     1,000,000  

2015/09/08 16:52:40.823 ::: Debug --          0         0         0         0         0         0 -->    0     1,000,000  

2015/09/08 16:52:41.846 ::: Debug --          0         0         0         0         0         0 -->    0     1,000,000  

2015/09/08 16:52:42.867 ::: Debug --          0         0         0         0         0         0 -->    0     1,000,000  

2015/09/08 16:52:43.871 ::: Debug --          0         0         0         0         0         0 -->    0     1,000,000  

2015/09/08 16:52:44.879 ::: Debug --          0         0         0         0         0         0 -->    0     1,000,000  

2015/09/08 16:52:45.911 ::: Debug --          0         0         0         0         0         0 -->    0     1,000,000  

2015/09/08 16:52:46.912 ::: Debug --          0         0         0         0         0         0 -->    0     1,000,000  

2015/09/08 16:52:47.932 ::: Debug --          0         0         0         0         0         0 -->    0     1,000,000  

2015/09/08 16:52:48.934 ::: Debug --          0         0         0         0         0         0 -->    0     1,000,000  

2015/09/08 16:52:49.954 ::: Debug --          0         0         0         0         0         0 -->    0     1,000,000  

2015/09/08 16:52:50.976 ::: Debug --          0         0         0         0         0         0 -->    0     1,000,000  

2015/09/08 16:52:51.984 ::: Debug --          0         0         0         0         0         0 -->    0     1,000,000  

2015/09/08 16:52:52.990 ::: Debug --          0         0         0         0         0         0 -->    0     1,000,000  

2015/09/08 16:52:54.017 ::: Debug --          0         0         0         0         0         0 -->    0     1,000,000  

2015/09/08 16:52:55.035 ::: Debug --          0         0         0         0         0         0 -->    0     1,000,000  

2015/09/08 16:52:56.038 ::: Debug --          0         0         0         0         0         0 -->    0     1,000,000  

2015/09/08 16:52:57.050 ::: Debug --          0         0         0         0         0         0 -->    0     1,000,000  

2015/09/08 16:52:58.064 ::: Debug --          0         0         0         0         0         0 -->    0     1,000,000  

2015/09/08 16:52:59.080 ::: Debug --          0         0         0         0         0         0 -->    0     1,000,000  

2015/09/08 16:53:00.084 ::: Debug --          0         0         0         0         0         0 -->    0     1,000,000  

2015/09/08 16:53:01.100 ::: Debug --          0         0         0         0         0         0 -->    0     1,000,000  

2015/09/08 16:53:02.113 ::: Debug --          0         0         0         0         0         0 -->    0     1,000,000  

2015/09/08 16:53:03.129 ::: Debug --          0         0         0         0         0         0 -->    0     1,000,000  

2015/09/08 16:53:04.149 ::: Debug --          0         0         0         0         0         0 -->    0     1,000,000  

2015/09/08 16:53:05.157 ::: Debug --          0         0         0         0         0         0 -->    0     1,000,000  

2015/09/08 16:53:06.190 ::: Debug --          0         0         0         0         0         0 -->    0     1,000,000  

2015/09/08 16:53:07.199 ::: Debug --          0         0         0         0         0         0 -->    0     1,000,000  

2015/09/08 16:53:08.206 ::: Debug --          0         0         0         0         0         0 -->    0     1,000,000  

2015/09/08 16:53:09.245 ::: Debug --          0         0         0         0         0         0 -->    0     1,000,000  

2015/09/08 16:53:10.232 ::: Debug --          0         0         0         0         0         0 -->    0     1,000,000  

2015/09/08 16:53:11.055 ::: Debug --          0         0         0         0         0         0 -->    0     1,000,000  

2015/09/08 16:53:12.056 ::: Debug --          0         0         0         0         0         0 -->    0     1,000,000  

2015/09/08 16:53:13.067 ::: Debug --          0         0         0         0         0         0 -->    0     1,000,000  

2015/09/08 16:53:14.080 ::: Debug --          0         0         0         0         0         0 -->    0     1,000,000  

2015/09/08 16:53:15.102 ::: Debug --          0         0         0         0         0         0 -->    0     1,000,000  

2015/09/08 16:53:16.108 ::: Debug --          0         0         0         0         0         0 -->    0     1,000,000  

2015/09/08 16:53:17.128 ::: Debug --          0         0         0         0         0         0 -->    0     1,000,000  

2015/09/08 16:53:18.135 ::: Debug --          0         0         0         0         0         0 -->    0     1,000,000  

2015/09/08 16:53:19.148 ::: Debug --          0         0         0         0         0         0 -->    0     1,000,000  

2015/09/08 16:53:20.168 ::: Debug --          0         0         0         0         0         0 -->    0     1,000,000  

2015/09/08 16:53:21.187 ::: Debug --          0         0         0         0         0         0 -->    0     1,000,000  

2015/09/08 16:53:22.191 ::: Debug --          0         0         0         0         0         0 -->    0     1,000,000  

2015/09/08 16:53:23.216 ::: Debug --          0         0         0         0         0         0 -->    0     1,000,000  

2015/09/08 16:53:24.232 ::: Debug --          0         0         0         0         0         0 -->    0     1,000,000  

2015/09/08 16:53:25.235 ::: Debug --          0         0         0         0         0         0 -->    0     1,000,000  

2015/09/08 16:53:26.253 ::: Debug --          0         0         0         0         0         0 -->    0     1,000,000  

2015/09/08 16:53:27.272 ::: Debug --          0         0         0         0         0         0 -->    0     1,000,000  

2015/09/08 16:53:28.283 ::: Debug --          0         0         0         0         0         0 -->    0     1,000,000  

2015/09/08 16:53:29.300 ::: Debug --          0         0         0         0         0         0 -->    0     1,000,000  

2015/09/08 16:53:30.309 ::: Debug --          0         0         0         0         0         0 -->    0     1,000,000  

2015/09/08 16:53:31.323 ::: Debug --          0         0         0         0         0         0 -->    0     1,000,000  

2015/09/08 16:53:32.345 ::: Debug --          0         0         0         0         0         0 -->    0     1,000,000  

2015/09/08 16:53:33.357 ::: Debug --          0         0         0         0         0         0 -->    0     1,000,000  

2015/09/08 16:53:34.364 ::: Debug --          0         0         0         0         0         0 -->    0     1,000,000  

2015/09/08 16:53:35.375 ::: Debug --          0         0         0         0         0         0 -->    0     1,000,000  

2015/09/08 16:53:36.395 ::: Debug --          0         0         0         0         0         0 -->    0     1,000,000  

2015/09/08 16:53:37.408 ::: Debug --          0         0         0         0         0         0 -->    0     1,000,000  

2015/09/08 16:53:38.417 ::: Debug --          0         0         0         0         0         0 -->    0     1,000,000  

2015/09/08 16:53:39.448 ::: Debug --          0         0         0         0         0         0 -->    0     1,000,000  

2015/09/08 16:53:40.452 ::: Debug --          0         0         0         0         0         0 -->    0     1,000,000  

2015/09/08 16:53:41.467 ::: Debug --          0         0         0         0         0         0 -->    0     1,000,000  

2015/09/08 16:53:42.476 ::: Debug --          0         0         0         0         0         0 -->    0     1,000,000  

2015/09/08 16:53:43.493 ::: Debug --          0         0         0         0         0         0 -->    0     1,000,000  

2015/09/08 16:53:44.519 ::: Debug --          0         0         0         0         0         0 -->    0     1,000,000  

2015/09/08 16:53:45.529 ::: Debug --          0         0         0         0         0         0 -->    0     1,000,000  

2015/09/08 16:53:46.535 ::: Debug --          0         0         0         0         0         0 -->    0     1,000,000  

2015/09/08 16:53:47.553 ::: Debug --          0         0         0         0         0         0 -->    0     1,000,000  

2015/09/08 16:53:48.558 ::: Debug --          0         0         0         0         0         0 -->    0     1,000,000  

2015/09/08 16:53:49.571 ::: Debug --          0         0         0         0         0         0 -->    0     1,000,000  

2015/09/08 16:53:50.589 ::: Debug --          0         0         0         0         0         0 -->    0     1,000,000  

2015/09/08 16:53:54.697 ::: Debug -- USB Device #0 is UNattached.

2015/09/08 16:53:54.711 ::: Debug --          0         0         0         0         0         0 -->    0     1,000,000  

2015/09/08 16:53:54.764 ::: Debug -- USB Device #0 is UNattached.

2015/09/08 16:53:54.987 ::: Debug -- USB Device #? is UNattached.

2015/09/08 16:53:55.044 ::: Debug -- USB Device #0 is attached.

2015/09/08 16:53:55.055 ::: Debug -- USB Device #0 is attached.

2015/09/08 16:53:55.070 ::: Debug -- Q-Berry CNT Hz
QBW v1.0.0
(C)2015 David Quesenberry - http:/
2015/09/08 16:53:55.119 ::: Debug -- USB Device #1 is UNattached.

2015/09/08 16:53:55.137 ::: Debug --          0         0         0         0         0         0 -->    0     1,000,000  

2015/09/08 16:53:55.217 ::: Debug -- USB Device #2 is UNattached.

2015/09/08 16:53:55.236 ::: Debug -- /www.QBytesWorld.com
USB Device Initialised.
2015/09/08 16:53:55.309 ::: Debug -- USB Device #3 is UNattached.

2015/09/08 16:53:55.386 ::: Debug -- USB Device #4 is UNattached.

2015/09/08 16:53:55.462 ::: Debug -- USB Device #5 is UNattached.

2015/09/08 16:53:55.552 ::: Debug -- USB Device #6 is UNattached.

2015/09/08 16:53:55.628 ::: Debug -- USB Device #7 is UNattached.

2015/09/08 16:53:55.693 ::: Debug -- USB Device #8 is UNattached.

2015/09/08 16:53:55.709 ::: Debug --          0         0         0         0         0         0 -->    0     1,000,000  

2015/09/08 16:53:55.769 ::: Debug -- USB Device #9 is UNattached.

2015/09/08 16:53:56.689 ::: Debug --          0         0         0         0         0         0 -->    0     1,000,000  

2015/09/08 16:53:57.694 ::: Debug --          0         0         0         0         0         0 -->    0     1,000,000  

2015/09/08 16:53:58.701 ::: Debug --          0         0         0         0         0         0 -->    0     1,000,000  

2015/09/08 16:53:59.728 ::: Debug --          0         0         0         0         0         0 -->    0     1,000,000  

2015/09/08 16:54:00.742 ::: Debug --          0         0         0         0         0         0 -->    0     1,000,000  

2015/09/08 16:54:01.743 ::: Debug --          0         0         0         0         0         0 -->    0     1,000,000  

2015/09/08 16:54:02.755 ::: Debug --          0         0         0         0         0         0 -->    0     1,000,000  

2015/09/08 16:54:03.781 ::: Debug --          0         0         0         0         0         0 -->    0     1,000,000  

2015/09/08 16:54:04.785 ::: Debug --          0         0         0         0         0         0 -->    0     1,000,000  

2015/09/08 16:54:05.809 ::: Debug --          0         0         0         0         0         0 -->    0     1,000,000  

2015/09/08 16:54:06.813 ::: Debug --          0         0         0         0         0         0 -->    0     1,000,000  

2015/09/08 16:54:07.829 ::: Debug --          0         0         0         0         0         0 -->    0     1,000,000  

2015/09/08 16:54:08.843 ::: Debug --          0         0         0         0         0         0 -->    0     1,000,000  

2015/09/08 16:54:09.859 ::: Debug --          0         0         0         0         0         0 -->    0     1,000,000  

2015/09/08 16:54:10.867 ::: Debug --          0         0         0         0         0         0 -->    0     1,000,000  

2015/09/08 16:54:11.892 ::: Debug --          0         0         0         0         0         0 -->    0     1,000,000  

2015/09/08 16:54:12.910 ::: Debug --          0         0         0         0         0         0 -->    0     1,000,000  

2015/09/08 16:54:13.912 ::: Debug --          0         0         0         0         0         0 -->    0     1,000,000  

2015/09/08 16:54:14.923 ::: Debug --          0         0         0         0         0         0 -->    0     1,000,000  

2015/09/08 16:54:15.945 ::: Debug --          0         0         0         0         0         0 -->    0     1,000,000  

2015/09/08 16:54:16.957 ::: Debug --          0         0         0         0         0         0 -->    0     1,000,000  

2015/09/08 16:54:17.973 ::: Debug --          0         0         0         0         0         0 -->    0     1,000,000  

2015/09/08 16:54:18.981 ::: Debug --          0         0         0         0         0         0 -->    0     1,000,000  

2015/09/08 16:54:19.997 ::: Debug --          0         0         0         0         0         0 -->    0     1,000,000  

2015/09/08 16:54:21.014 ::: Debug --          0         0         0         0         0         0 -->    0     1,000,000  

2015/09/08 16:54:22.032 ::: Debug --          0         0         0         0         0         0 -->    0     1,000,000  

2015/09/08 16:54:23.038 ::: Debug --          0         0         0         0         0         0 -->    0     1,000,000  

2015/09/08 16:54:24.057 ::: Debug --          0         0         0         0         0         0 -->    0     1,000,000  

2015/09/08 16:54:25.073 ::: Debug --          0         0         0         0         0         0 -->    0     1,000,000  

2015/09/08 16:54:26.081 ::: Debug --          0         0         0         0         0         0 -->    0     1,000,000  

2015/09/08 16:54:27.093 ::: Debug --          0         0         0         0         0         0 -->    0     1,000,000  

2015/09/08 16:54:28.114 ::: Debug --          0         0         0         0         0         0 -->    0     1,000,000  

2015/09/08 16:54:28.927 ::: Debug --          0         0         0         0         0         0 -->    0     1,000,000  

2015/09/08 16:54:29.944 ::: Debug --          0         0         0         0         0         0 -->    0     1,000,000  

2015/09/08 16:54:30.948 ::: Debug --          0         0         0         0         0         0 -->    0     1,000,000  

2015/09/08 16:54:31.959 ::: Debug --          0         0         0         0         0         0 -->    0     1,000,000  

2015/09/08 16:54:32.983 ::: Debug --          0         0         0         0         0         0 -->    0     1,000,000  

2015/09/08 16:54:33.991 ::: Debug --          0         0         0         0         0         0 -->    0     1,000,000  

2015/09/08 16:54:34.999 ::: Debug --          0         0         0         0         0         0 -->    0     1,000,000  

2015/09/08 16:54:36.016 ::: Debug --          0         0         0         0         0         0 -->    0     1,000,000  

2015/09/08 16:54:37.030 ::: Debug --          0         0         0         0         0         0 -->    0     1,000,000  

2015/09/08 16:54:38.050 ::: Debug --          0         0         0         0         0         0 -->    0     1,000,000  

2015/09/08 16:54:39.065 ::: Debug --          0         0         0         0         0         0 -->    0     1,000,000  

2015/09/08 16:54:40.071 ::: Debug --          0         0         0         0         0         0 -->    0     1,000,000  

2015/09/08 16:54:41.088 ::: Debug --          0         0         0         0         0         0 -->    0     1,000,000  

2015/09/08 16:54:42.109 ::: Debug --          0         0         0         0         0         0 -->    0     1,000,000  

2015/09/08 16:54:43.109 ::: Debug --          0         0         0         0         0         0 -->    0     1,000,000  

2015/09/08 16:54:44.128 ::: Debug --          0         0         0         0         0         0 -->    0     1,000,000  

2015/09/08 16:54:45.138 ::: Debug --          0         0         0         0         0         0 -->    0     1,000,000  

2015/09/08 16:54:46.153 ::: Debug --          0         0         0         0         0         0 -->    0     1,000,000  

2015/09/08 16:54:47.178 ::: Debug --          0         0         0         0         0         0 -->    0     1,000,000  

2015/09/08 16:54:48.183 ::: Debug --          0         0         0         0         0         0 -->    0     1,000,000  

2015/09/08 16:54:49.196 ::: Debug --          0         0         0         0         0         0 -->    0     1,000,000  

2015/09/08 16:54:50.225 ::: Debug --          0         0         0         0         0         0 -->    0     1,000,000  

2015/09/08 16:54:51.238 ::: Debug --          0         0         0         0         0         0 -->    0     1,000,000  

2015/09/08 16:54:52.240 ::: Debug --          0         0         0         0         0         0 -->    0     1,000,000  

2015/09/08 16:54:53.257 ::: Debug --          0         0         0         0         0         0 -->    0     1,000,000  

2015/09/08 16:54:54.282 ::: Debug --          0         0         0         0         0         0 -->    0     1,000,000  

2015/09/08 16:54:55.283 ::: Debug --          0         0         0         0         0         0 -->    0     1,000,000  

2015/09/08 16:54:56.297 ::: Debug --          0         0         0         0         0         0 -->    0     1,000,000  

2015/09/08 16:54:57.312 ::: Debug --          0         0         0         0         0         0 -->    0     1,000,000  

2015/09/08 16:54:58.326 ::: Debug --          0         0         0         0         0         0 -->    0     1,000,000  

2015/09/08 16:54:59.346 ::: Debug --          0         0         0         0         0         0 -->    0     1,000,000  

2015/09/08 16:55:00.348 ::: Debug --          0         0         0         0         0         0 -->    0     1,000,000  

2015/09/08 16:55:01.367 ::: Debug --          0         0         0         0         0         0 -->    0     1,000,000  

2015/09/08 16:55:02.380 ::: Debug --          0         0         0         0         0         0 -->    0     1,000,000  

2015/09/08 16:55:03.398 ::: Debug --          0         0         0         0         0         0 -->    0     1,000,000  

2015/09/08 16:55:04.402 ::: Debug --          0         0         0         0         0         0 -->    0     1,000,000  

2015/09/08 16:55:05.430 ::: Debug --          0         0         0         0         0         0 -->    0     1,000,000  

2015/09/08 16:55:06.443 ::: Debug --          0         0         0         0         0         0 -->    0     1,000,000  

2015/09/08 16:55:07.454 ::: Debug --          0         0         0         0         0         0 -->    0     1,000,000  

2015/09/08 16:55:08.461 ::: Debug --          0         0         0         0         0         0 -->    0     1,000,000  

2015/09/08 16:55:09.483 ::: Debug --          0         0         0         0         0         0 -->    0     1,000,000  

2015/09/08 16:55:10.497 ::: Debug --          0         0         0         0         0         0 -->    0     1,000,000  

2015/09/08 16:55:11.318 ::: Debug --          0         0         0         0         0         0 -->    0     1,000,000  

2015/09/08 16:55:12.323 ::: Debug --          0         0         0         0         0         0 -->    0     1,000,000  

2015/09/08 16:55:13.333 ::: Debug --          0         0         0         0         0         0 -->    0     1,000,000  

2015/09/08 16:55:14.355 ::: Debug --          0         0         0         0         0         0 -->    0     1,000,000  

2015/09/08 16:55:15.363 ::: Debug --          0         0         0         0         0         0 -->    0     1,000,000  

2015/09/08 16:55:16.381 ::: Debug --          0         0         0         0         0         0 -->    0     1,000,000  

2015/09/08 16:55:17.388 ::: Debug --          0         0         0         0         0         0 -->    0     1,000,000  

2015/09/08 16:55:18.400 ::: Debug --          0         0         0         0         0         0 -->    0     1,000,000  

2015/09/08 16:55:19.419 ::: Debug --          0         0         0         0         0         0 -->    0     1,000,000  

2015/09/08 16:55:20.439 ::: Debug --          0         0         0         0         0         0 -->    0     1,000,000  

2015/09/08 16:55:21.442 ::: Debug --          0         0         0         0         0         0 -->    0     1,000,000  

2015/09/08 16:55:22.457 ::: Debug --          0         0         0         0         0         0 -->    0     1,000,000  

2015/09/08 16:55:23.481 ::: Debug --          0         0         0         0         0         0 -->    0     1,000,000  

2015/09/08 16:55:24.489 ::: Debug --          0         0         0         0         0         0 -->    0     1,000,000  

2015/09/08 16:55:25.501 ::: Debug --          0         0         0         0         0         0 -->    0     1,000,000  

2015/09/08 16:55:26.517 ::: Debug --          0         0         0         0         0         0 -->    0     1,000,000  

2015/09/08 16:55:27.524 ::: Debug --          0         0         0         0         0         0 -->    0     1,000,000  

2015/09/08 16:55:28.550 ::: Debug --          0         0         0         0         0         0 -->    0     1,000,000  

2015/09/08 16:55:29.557 ::: Debug --          0         0         0         0         0         0 -->    0     1,000,000  

2015/09/08 16:55:30.568 ::: Debug --          0         0         0         0         0         0 -->    0     1,000,000  

2015/09/08 16:55:31.596 ::: Debug --          0         0         0         0         0         0 -->    0     1,000,000  

2015/09/08 16:55:32.609 ::: Debug --          0         0         0         0         0         0 -->    0     1,000,000  

2015/09/08 16:55:33.609 ::: Debug --          0         0         0         0         0         0 -->    0     1,000,000  

2015/09/08 16:55:34.642 ::: Debug --          0         0         0         0         0         0 -->    0     1,000,000  

2015/09/08 16:55:35.654 ::: Debug --          0         0         0         0         0         0 -->    0     1,000,000  

2015/09/08 16:55:36.655 ::: Debug --          0         0         0         0         0         0 -->    0     1,000,000  

2015/09/08 16:55:37.668 ::: Debug --          0         0         0         0         0         0 -->    0     1,000,000  

2015/09/08 16:55:38.696 ::: Debug --          0         0         0         0         0         0 -->    0     1,000,000  

2015/09/08 16:55:39.699 ::: Debug --          0         0         0         0         0         0 -->    0     1,000,000  

2015/09/08 16:55:40.711 ::: Debug --          0         0         0         0         0         0 -->    0     1,000,000  

2015/09/08 16:55:41.723 ::: Debug --          0         0         0         0         0         0 -->    0     1,000,000  

2015/09/08 16:55:42.739 ::: Debug --          0         0         0         0         0         0 -->    0     1,000,000  

2015/09/08 16:55:43.759 ::: Debug --          0         0         0         0         0         0 -->    0     1,000,000  

2015/09/08 16:55:44.777 ::: Debug --          0         0         0         0         0         0 -->    0     1,000,000  

2015/09/08 16:55:45.777 ::: Debug --          0         0         0         0         0         0 -->    0     1,000,000  

2015/09/08 16:55:46.802 ::: Debug --          0         0         0         0         0         0 -->    0     1,000,000  

2015/09/08 16:55:47.806 ::: Debug --          0         0         0         0         0         0 -->    0     1,000,000  

2015/09/08 16:55:48.825 ::: Debug --          0         0         0         0         0         0 -->    0     1,000,000  

2015/09/08 16:55:49.832 ::: Debug --          0         0         0         0         0         0 -->    0     1,000,000  

2015/09/08 16:55:50.862 ::: Debug --          0         0         0         0         0         0 -->    0     1,000,000  

2015/09/08 16:55:51.866 ::: Debug --          0         0         0         0         0         0 -->    0     1,000,000  

2015/09/08 16:55:52.886 ::: Debug --          0         0         0         0         0         0 -->    0     1,000,000  

2015/09/08 16:55:53.891 ::: Debug --          0         0         0         0         0         0 -->    0     1,000,000  

2015/09/08 16:55:54.909 ::: Debug --          0         0         0         0         0         0 -->    0     1,000,000  

2015/09/08 16:55:55.729 ::: Debug --          0         0         0         0         0         0 -->    0     1,000,000  

2015/09/08 16:55:56.733 ::: Debug --          0         0         0         0         0         0 -->    0     1,000,000  

2015/09/08 16:55:57.750 ::: Debug --          0         0         0         0         0         0 -->    0     1,000,000  

2015/09/08 16:55:58.759 ::: Debug --          0         0         0         0         0         0 -->    0     1,000,000  

2015/09/08 16:55:59.774 ::: Debug --          0         0         0         0         0         0 -->    0     1,000,000  

2015/09/08 16:56:00.791 ::: Debug --          0         0         0         0         0         0 -->    0     1,000,000  

2015/09/08 16:56:01.810 ::: Debug --          0         0         0         0         0         0 -->    0     1,000,000  

2015/09/08 16:56:02.813 ::: Debug --          0         0         0         0         0         0 -->    0     1,000,000  

2015/09/08 16:56:03.839 ::: Debug --          0         0         0         0         0         0 -->    0     1,000,000  

2015/09/08 16:56:04.845 ::: Debug --          0         0         0         0         0         0 -->    0     1,000,000  

2015/09/08 16:56:05.945 ::: Debug --          0         0         0         0         0         0 -->    0     1,000,000  

2015/09/08 16:56:09.044 ::: Debug -- USB Device #0 is UNattached.

2015/09/08 16:56:09.094 ::: Debug -- USB Device #0 is UNattached.

2015/09/08 16:56:09.433 ::: Debug -- USB Device #? is UNattached.

2015/09/08 16:56:09.492 ::: Debug -- USB Device #0 is attached.

2015/09/08 16:56:09.502 ::: Debug -- USB Device #0 is attached.

2015/09/08 16:56:09.515 ::: Debug -- Q-Berry CNT Hz
QBW v1.0.0
(C)2015 David Quesenberry - http:/
2015/09/08 16:56:09.570 ::: Debug -- USB Device #1 is UNattached.

2015/09/08 16:56:09.584 ::: Debug --          0         0         0         0         0         0 -->    0     1,000,000  

2015/09/08 16:56:09.631 ::: Debug -- USB Device #2 is UNattached.

2015/09/08 16:56:09.691 ::: Debug -- USB Device #3 is UNattached.

2015/09/08 16:56:09.707 ::: Debug -- /www.QBytesWorld.com
USB Device Initialised.
2015/09/08 16:56:09.771 ::: Debug -- USB Device #4 is UNattached.

2015/09/08 16:56:09.847 ::: Debug -- USB Device #5 is UNattached.

2015/09/08 16:56:09.918 ::: Debug -- USB Device #6 is UNattached.

2015/09/08 16:56:09.993 ::: Debug -- USB Device #7 is UNattached.

2015/09/08 16:56:10.069 ::: Debug -- USB Device #8 is UNattached.

2015/09/08 16:56:10.143 ::: Debug -- USB Device #9 is UNattached.

2015/09/08 16:56:10.163 ::: Debug --          0         0         0         0         0         0 -->    0     1,000,000  

2015/09/08 16:56:11.142 ::: Debug --          0         0         0         0         0         0 -->    0     1,000,000  

2015/09/08 16:56:12.155 ::: Debug --          0         0         0         0         0         0 -->    0     1,000,000  

2015/09/08 16:56:13.161 ::: Debug --          0         0         0         0         0         0 -->    0     1,000,000  

2015/09/08 16:56:14.172 ::: Debug --          0         0         0         0         0         0 -->    0     1,000,000  

2015/09/08 16:56:15.199 ::: Debug --          0         0         0         0         0         0 -->    0     1,000,000  

2015/09/08 16:56:16.202 ::: Debug --          0         0         0         0         0         0 -->    0     1,000,000  

2015/09/08 16:56:17.224 ::: Debug --          0         0         0         0         0         0 -->    0     1,000,000  

2015/09/08 16:56:18.228 ::: Debug --          0         0         0         0         0         0 -->    0     1,000,000  

2015/09/08 16:56:19.240 ::: Debug --          0         0         0         0         0         0 -->    0     1,000,000  

2015/09/08 16:56:20.266 ::: Debug --          0         0         0         0         0         0 -->    0     1,000,000  

2015/09/08 16:56:21.279 ::: Debug --          0         0         0         0         0         0 -->    0     1,000,000  

2015/09/08 16:56:22.282 ::: Debug --          0         0         0         0         0         0 -->    0     1,000,000  

2015/09/08 16:56:23.302 ::: Debug --          0         0         0         0         0         0 -->    0     1,000,000  

2015/09/08 16:56:24.325 ::: Debug --          0         0         0         0         0         0 -->    0     1,000,000  

2015/09/08 16:56:25.328 ::: Debug --          0         0         0         0         0         0 -->    0     1,000,000  

2015/09/08 16:56:26.337 ::: Debug --          0         0         0         0         0         0 -->    0     1,000,000  

2015/09/08 16:56:27.365 ::: Debug --          0         0         0         0         0         0 -->    0     1,000,000  

2015/09/08 16:56:28.369 ::: Debug --          0         0         0         0         0         0 -->    0     1,000,000  

2015/09/08 16:56:29.387 ::: Debug --          0         0         0         0         0         0 -->    0     1,000,000  

2015/09/08 16:56:30.394 ::: Debug --          0         0         0         0         0         0 -->    0     1,000,000  

2015/09/08 16:56:31.409 ::: Debug --          0         0         0         0         0         0 -->    0     1,000,000  

2015/09/08 16:56:32.430 ::: Debug --          0         0         0         0         0         0 -->    0     1,000,000  

2015/09/08 16:56:33.436 ::: Debug --          0         0         0         0         0         0 -->    0     1,000,000  

2015/09/08 16:56:34.449 ::: Debug --          0         0         0         0         0         0 -->    0     1,000,000  

2015/09/08 16:56:35.477 ::: Debug --          0         0         0         0         0         0 -->    0     1,000,000  

2015/09/08 16:56:36.492 ::: Debug --          0         0         0         0         0         0 -->    0     1,000,000  

2015/09/08 16:56:37.495 ::: Debug --          0         0         0         0         0         0 -->    0     1,000,000  

2015/09/08 16:56:38.504 ::: Debug --          0         0         0         0         0         0 -->    0     1,000,000  

2015/09/08 16:56:39.518 ::: Debug --          0         0         0         0         0         0 -->    0     1,000,000  

2015/09/08 16:56:40.535 ::: Debug --          0         0         0         0         0         0 -->    0     1,000,000  

2015/09/08 16:56:41.553 ::: Debug --          0         0         0         0         0         0 -->    0     1,000,000  

2015/09/08 16:56:42.563 ::: Debug --          0         0         0         0         0         0 -->    0     1,000,000  

2015/09/08 16:56:43.574 ::: Debug --          0         0         0         0         0         0 -->    0     1,000,000  

2015/09/08 16:56:44.596 ::: Debug --          0         0         0         0         0         0 -->    0     1,000,000  

2015/09/08 16:56:45.618 ::: Debug --          0         0         0         0         0         0 -->    0     1,000,000  

2015/09/08 16:56:46.617 ::: Debug --          0         0         0         0         0         0 -->    0     1,000,000  

2015/09/08 16:56:47.643 ::: Debug --          0         0         0         0         0         0 -->    0     1,000,000  

2015/09/08 16:56:48.661 ::: Debug --          0         0         0         0         0         0 -->    0     1,000,000  

2015/09/08 16:56:49.470 ::: Debug --          0         0         0         0         0         0 -->    0     1,000,000  

2015/09/08 16:56:50.485 ::: Debug --          0         0         0         0         0         0 -->    0     1,000,000  

2015/09/08 16:56:51.485 ::: Debug --          0         0         0         0         0         0 -->    0     1,000,000  

2015/09/08 16:56:52.509 ::: Debug --          0         0         0         0         0         0 -->    0     1,000,000  

2015/09/08 16:56:53.528 ::: Debug --          0         0         0         0         0         0 -->    0     1,000,000  

2015/09/08 16:56:54.528 ::: Debug --          0         0         0         0         0         0 -->    0     1,000,000  

2015/09/08 16:56:55.541 ::: Debug --          0         0         0         0         0         0 -->    0     1,000,000  

2015/09/08 16:56:56.570 ::: Debug --          0         0         0         0         0         0 -->    0     1,000,000  

2015/09/08 16:56:57.570 ::: Debug --          0         0         0         0         0         0 -->    0     1,000,000  

2015/09/08 16:56:58.588 ::: Debug --          0         0         0         0         0         0 -->    0     1,000,000  

2015/09/08 16:56:59.598 ::: Debug --          0         0         0         0         0         0 -->    0     1,000,000  

2015/09/08 16:57:00.616 ::: Debug --          0         0         0         0         0         0 -->    0     1,000,000  

2015/09/08 16:57:01.628 ::: Debug --          0         0         0         0         0         0 -->    0     1,000,000  

2015/09/08 16:57:02.650 ::: Debug --          0         0         0         0         0         0 -->    0     1,000,000  

2015/09/08 16:57:03.652 ::: Debug --          0         0         0         0         0         0 -->    0     1,000,000  

2015/09/08 16:57:04.664 ::: Debug --          0         0         0         0         0         0 -->    0     1,000,000  

2015/09/08 16:57:05.696 ::: Debug --          0         0         0         0         0         0 -->    0     1,000,000  

2015/09/08 16:57:06.700 ::: Debug --          0         0         0         0         0         0 -->    0     1,000,000  

2015/09/08 16:57:07.708 ::: Debug --          0         0         0         0         0         0 -->    0     1,000,000  

2015/09/08 16:57:08.731 ::: Debug --          0         0         0         0         0         0 -->    0     1,000,000  

2015/09/08 16:57:09.742 ::: Debug --          0         0         0         0         0         0 -->    0     1,000,000  

2015/09/08 16:57:10.761 ::: Debug --          0         0         0         0         0         0 -->    0     1,000,000  

2015/09/08 16:57:11.769 ::: Debug --          0         0         0         0         0         0 -->    0     1,000,000  

2015/09/08 16:57:12.784 ::: Debug --          0         0         0         0         0         0 -->    0     1,000,000  

2015/09/08 16:57:13.803 ::: Debug --          0         0         0         0         0         0 -->    0     1,000,000  

2015/09/08 16:57:14.821 ::: Debug --          0         0         0         0         0         0 -->    0     1,000,000  

2015/09/08 16:57:15.818 ::: Debug --          0         0         0         0         0         0 -->    0     1,000,000  

2015/09/08 16:57:16.847 ::: Debug --          0         0         0         0         0         0 -->    0     1,000,000  

2015/09/08 16:57:17.868 ::: Debug --          0         0         0         0         0         0 -->    0     1,000,000  

2015/09/08 16:57:18.869 ::: Debug --          0         0         0         0         0         0 -->    0     1,000,000  

2015/09/08 16:57:19.881 ::: Debug --          0         0         0         0         0         0 -->    0     1,000,000  

2015/09/08 16:57:20.900 ::: Debug --          0         0         0         0         0         0 -->    0     1,000,000  

2015/09/08 16:57:21.910 ::: Debug --          0         0         0         0         0         0 -->    0     1,000,000  

2015/09/08 16:57:22.927 ::: Debug --          0         0         0         0         0         0 -->    0     1,000,000  

2015/09/08 16:57:23.937 ::: Debug --          0         0         0         0         0         0 -->    0     1,000,000  

2015/09/08 16:57:24.945 ::: Debug --          0         0         0         0         0         0 -->    0     1,000,000  

2015/09/08 16:57:25.976 ::: Debug --          0         0         0         0         0         0 -->    0     1,000,000  

2015/09/08 16:57:26.988 ::: Debug --          0         0         0         0         0         0 -->    0     1,000,000  

2015/09/08 16:57:27.991 ::: Debug --          0         0         0         0         0         0 -->    0     1,000,000  

2015/09/08 16:57:29.018 ::: Debug --          0         0         0         0         0         0 -->    0     1,000,000  

2015/09/08 16:57:30.026 ::: Debug --          0         0         0         0         0         0 -->    0     1,000,000  

2015/09/08 16:57:31.031 ::: Debug --          0         0         0         0         0         0 -->    0     1,000,000  

2015/09/08 16:57:31.857 ::: Debug --          0         0         0         0         0         0 -->    0     1,000,000  

2015/09/08 16:57:33.074 ::: Debug --          0         0         0         0         0         0 -->    0     1,000,000  

2015/09/08 16:57:33.888 ::: Debug --          0         0         0         0         0         0 -->    0     1,000,000  

2015/09/08 16:57:34.888 ::: Debug --          0         0         0         0         0         0 -->    0     1,000,000  

2015/09/08 16:57:35.901 ::: Debug --          0         0         0         0         0         0 -->    0     1,000,000  

2015/09/08 16:57:36.915 ::: Debug --          0         0         0         0         0         0 -->    0     1,000,000  

2015/09/08 16:57:37.940 ::: Debug --          0         0         0         0         0         0 -->    0     1,000,000  

2015/09/08 16:57:38.940 ::: Debug --          0         0         0         0         0         0 -->    0     1,000,000  

2015/09/08 16:57:39.959 ::: Debug --          0         0         0         0         0         0 -->    0     1,000,000  

2015/09/08 16:57:40.970 ::: Debug --          0         0         0         0         0         0 -->    0     1,000,000  

2015/09/08 16:57:41.984 ::: Debug --          0         0         0         0         0         0 -->    0     1,000,000  

2015/09/08 16:57:43.012 ::: Debug --          0         0         0         0         0         0 -->    0     1,000,000  

2015/09/08 16:57:44.024 ::: Debug --          0         0         0         0         0         0 -->    0     1,000,000  

2015/09/08 16:57:45.027 ::: Debug --          0         0         0         0         0         0 -->    0     1,000,000  

2015/09/08 16:57:46.054 ::: Debug --          0         0         0         0         0         0 -->    0     1,000,000  

2015/09/08 16:57:47.063 ::: Debug --          0         0         0         0         0         0 -->    0     1,000,000  

2015/09/08 16:57:48.071 ::: Debug --          0         0         0         0         0         0 -->    0     1,000,000  

2015/09/08 16:57:49.081 ::: Debug --          0         0         0         0         0         0 -->    0     1,000,000  

2015/09/08 16:57:50.110 ::: Debug --          0         0         0         0         0         0 -->    0     1,000,000  

2015/09/08 16:57:51.114 ::: Debug --          0         0         0         0         0         0 -->    0     1,000,000  

2015/09/08 16:57:52.135 ::: Debug --          0         0         0         0         0         0 -->    0     1,000,000  

2015/09/08 16:57:53.138 ::: Debug --          0         0         0         0         0         0 -->    0     1,000,000  

2015/09/08 16:57:54.157 ::: Debug --          0         0         0         0         0         0 -->    0     1,000,000  

2015/09/08 16:57:55.166 ::: Debug --          0         0         0         0         0         0 -->    0     1,000,000  

2015/09/08 16:57:56.189 ::: Debug --          0         0         0         0         0         0 -->    0     1,000,000  

2015/09/08 16:57:57.191 ::: Debug --          0         0         0         0         0         0 -->    0     1,000,000  

2015/09/08 16:57:58.216 ::: Debug --          0         0         0         0         0         0 -->    0     1,000,000  

2015/09/08 16:57:59.235 ::: Debug --          0         0         0         0         0         0 -->    0     1,000,000  

2015/09/08 16:58:00.240 ::: Debug --          0         0         0         0         0         0 -->    0     1,000,000  

2015/09/08 16:58:01.247 ::: Debug --          0         0         0         0         0         0 -->    0     1,000,000  

2015/09/08 16:58:02.276 ::: Debug --          0         0         0         0         0         0 -->    0     1,000,000  

2015/09/08 16:58:03.284 ::: Debug --          0         0         0         0         0         0 -->    0     1,000,000  

2015/09/08 16:58:04.304 ::: Debug --          0         0         0         0         0         0 -->    0     1,000,000  

2015/09/08 16:58:05.305 ::: Debug --          0         0         0         0         0         0 -->    0     1,000,000  

2015/09/08 16:58:06.321 ::: Debug --          0         0         0         0         0         0 -->    0     1,000,000  

2015/09/08 16:58:07.347 ::: Debug --          0         0         0         0         0         0 -->    0     1,000,000  

2015/09/08 16:58:08.352 ::: Debug --          0         0         0         0         0         0 -->    0     1,000,000  

2015/09/08 16:58:09.362 ::: Debug --          0         0         0         0         0         0 -->    0     1,000,000  

2015/09/08 16:58:10.379 ::: Debug --          0         0         0         0         0         0 -->    0     1,000,000  

2015/09/08 16:58:11.398 ::: Debug --          0         0         0         0         0         0 -->    0     1,000,000  

2015/09/08 16:58:12.401 ::: Debug --          0         0         0         0         0         0 -->    0     1,000,000  

2015/09/08 16:58:13.416 ::: Debug --          0         0         0         0         0         0 -->    0     1,000,000  

2015/09/08 16:58:14.443 ::: Debug --          0         0         0         0         0         0 -->    0     1,000,000  

2015/09/08 16:58:15.257 ::: Debug --          0         0         0         0         0         0 -->    0     1,000,000  

2015/09/08 16:58:16.264 ::: Debug --          0         0         0         0         0         0 -->    0     1,000,000  

2015/09/08 16:58:17.475 ::: Debug --          0         0         0         0         0         0 -->    0     1,000,000  

2015/09/08 16:58:18.284 ::: Debug --          0         0         0         0         0         0 -->    0     1,000,000  

2015/09/08 16:58:19.306 ::: Debug --          0         0         0         0         0         0 -->    0     1,000,000  

2015/09/08 16:58:20.310 ::: Debug --          0         0         0         0         0         0 -->    0     1,000,000  

2015/09/08 16:58:21.340 ::: Debug --          0         0         0         0         0         0 -->    0     1,000,000  

2015/09/08 16:58:22.339 ::: Debug --          0         0         0         0         0         0 -->    0     1,000,000  

2015/09/08 16:58:23.354 ::: Debug --          0         0         0         0         0         0 -->    0     1,000,000  

2015/09/08 16:58:24.381 ::: Debug --          0         0         0         0         0         0 -->    0     1,000,000  

2015/09/08 16:58:25.388 ::: Debug --          0         0         0         0         0         0 -->    0     1,000,000  

2015/09/08 16:58:26.397 ::: Debug --          0         0         0         0         0         0 -->    0     1,000,000  

2015/09/08 16:58:27.423 ::: Debug --          0         0         0         0         0         0 -->    0     1,000,000  

2015/09/08 16:58:28.438 ::: Debug --          0         0         0         0         0         0 -->    0     1,000,000  

2015/09/08 16:58:29.440 ::: Debug --          0         0         0         0         0         0 -->    0     1,000,000  

2015/09/08 16:58:30.454 ::: Debug --          0         0         0         0         0         0 -->    0     1,000,000  

2015/09/08 16:58:31.481 ::: Debug --          0         0         0         0         0         0 -->    0     1,000,000  

2015/09/08 16:58:32.483 ::: Debug --          0         0         0         0         0         0 -->    0     1,000,000  

2015/09/08 16:58:33.507 ::: Debug --          0         0         0         0         0         0 -->    0     1,000,000  

2015/09/08 16:58:34.509 ::: Debug --          0         0         0         0         0         0 -->    0     1,000,000  

2015/09/08 16:58:35.526 ::: Debug --          0         0         0         0         0         0 -->    0     1,000,000  

2015/09/08 16:58:36.537 ::: Debug --          0         0         0         0         0         0 -->    0     1,000,000  

2015/09/08 16:58:37.562 ::: Debug --          0         0         0         0         0         0 -->    0     1,000,000  

2015/09/08 16:58:38.565 ::: Debug --          0         0         0         0         0         0 -->    0     1,000,000  

2015/09/08 16:58:39.581 ::: Debug --          0         0         0         0         0         0 -->    0     1,000,000  

2015/09/08 16:58:40.607 ::: Debug --          0         0         0         0         0         0 -->    0     1,000,000  

2015/09/08 16:58:41.613 ::: Debug --          0         0         0         0         0         0 -->    0     1,000,000  

2015/09/08 16:58:42.622 ::: Debug --          0         0         0         0         0         0 -->    0     1,000,000  

2015/09/08 16:58:43.649 ::: Debug --          0         0         0         0         0         0 -->    0     1,000,000  

2015/09/08 16:58:44.653 ::: Debug --          0         0         0         0         0         0 -->    0     1,000,000  

2015/09/08 16:58:45.676 ::: Debug --          0         0         0         0         0         0 -->    0     1,000,000  

2015/09/08 16:58:46.678 ::: Debug --          0         0         0         0         0         0 -->    0     1,000,000  

2015/09/08 16:58:47.695 ::: Debug --          0         0         0         0         0         0 -->    0     1,000,000  

2015/09/08 16:58:48.707 ::: Debug --          0         0         0         0         0         0 -->    0     1,000,000  

2015/09/08 16:58:49.728 ::: Debug --          0         0         0         0         0         0 -->    0     1,000,000  

2015/09/08 16:58:50.734 ::: Debug --          0         0         0         0         0         0 -->    0     1,000,000  

2015/09/08 16:58:51.746 ::: Debug --          0         0         0         0         0         0 -->    0     1,000,000  

2015/09/08 16:58:52.775 ::: Debug --          0         0         0         0         0         0 -->    0     1,000,000  

2015/09/08 16:58:53.779 ::: Debug --          0         0         0         0         0         0 -->    0     1,000,000  

2015/09/08 16:58:54.789 ::: Debug --          0         0         0         0         0         0 -->    0     1,000,000  

2015/09/08 16:58:55.813 ::: Debug --          0         0         0         0         0         0 -->    0     1,000,000  

2015/09/08 16:58:56.819 ::: Debug --          0         0         0         0         0         0 -->    0     1,000,000  

2015/09/08 16:58:57.843 ::: Debug --          0         0         0         0         0         0 -->    0     1,000,000  

2015/09/08 16:58:58.849 ::: Debug --          0         0         0         0         0         0 -->    0     1,000,000  

2015/09/08 16:58:59.860 ::: Debug --          0         0         0         0         0         0 -->    0     1,000,000  

2015/09/08 16:59:00.678 ::: Debug --          0         0         0         0         0         0 -->    0     1,000,000  

2015/09/08 16:59:01.687 ::: Debug --          0         0         0         0         0         0 -->    0     1,000,000  

2015/09/08 16:59:04.567 ::: Debug --          0         0         0         0         0         0 -->    0     1,000,000  

2015/09/08 16:59:16.869 ::: Debug -- USB Device #0 is UNattached.

